2021-01-04 09:25:02,979| ThreadPoolExecutor-0_0| INFO | File 0: starting 20201222_aocb_2020122_012857o
2021-01-04 09:25:02,980| ThreadPoolExecutor-0_0| INFO |    0 name: 20201222_aocb_2020122_012857o
2021-01-04 09:25:02,980| ThreadPoolExecutor-0_0| INFO |    0 d_file: /home/imaka/data/sim/20201222/ao/aocb_2020122_012857o.fits
2021-01-04 09:25:02,981| ThreadPoolExecutor-0_0| INFO |    0 o_dirs: /home/emcewen/out_sim/20201222/
2021-01-04 09:25:02,982| ThreadPoolExecutor-0_0| INFO |    0 t_file: /home/emcewen/data/target_input/simul_4GS_12am_6mag_USNOB_GS.txt
2021-01-04 09:25:02,983| ThreadPoolExecutor-0_0| INFO | ======== 20201222_aocb_2020122_012857o ========
2021-01-04 09:25:02,983| ThreadPoolExecutor-0_0| INFO | == sub_len = 0 
2021-01-04 09:25:02,984| ThreadPoolExecutor-0_0| INFO | == s_sub = False 
2021-01-04 09:25:02,985| ThreadPoolExecutor-0_0| INFO | == tt_sub = False 
2021-01-04 09:25:02,986| ThreadPoolExecutor-0_0| DEBUG| path found: /home/emcewen/out_sim/20201222/
2021-01-04 09:25:02,986| ThreadPoolExecutor-0_0| DEBUG| datacheckfile: /home/imaka/data/sim/20201222/ao/aocb_2020122_012857o.fits
2021-01-04 09:25:02,993| ThreadPoolExecutor-0_0| DEBUG| datacheckfile: /home/imaka/data/sim/20201222/ao/aocb_2020122_012857o.fits
2021-01-04 09:25:03,005| ThreadPoolExecutor-0_0| DEBUG| path found: /home/emcewen/out_sim/20201222/fits/
2021-01-04 09:25:03,005| ThreadPoolExecutor-0_0| DEBUG| fits name: /home/emcewen/out_sim/20201222/fits/20201222_aocb_2020122_012857o_tmax200_raw.fits
2021-01-04 09:25:03,005| ThreadPoolExecutor-0_0| DEBUG| fits not found: /home/emcewen/out_sim/20201222/fits/20201222_aocb_2020122_012857o_tmax200_raw.fits
2021-01-04 09:25:03,006| ThreadPoolExecutor-0_0| INFO | ====> Starting acor
2021-01-04 09:25:03,006| ThreadPoolExecutor-0_0| INFO | Generating auto corr tmax = 200
2021-01-04 09:35:27,802| ThreadPoolExecutor-0_0| INFO | == finished in 624.7965846061707 s
2021-01-04 09:35:27,803| ThreadPoolExecutor-0_0| INFO | ====> Starting ccor
2021-01-04 09:35:27,803| ThreadPoolExecutor-0_0| INFO | Generating cross corr tmax = 200
2021-01-04 09:51:57,669| ThreadPoolExecutor-0_0| INFO | == finished in 989.8652436733246 s
2021-01-04 09:51:57,669| ThreadPoolExecutor-0_0| INFO | ====> writing fits
2021-01-04 09:51:57,670| ThreadPoolExecutor-0_0| DEBUG| path found: /home/emcewen/out_sim/20201222/fits/
2021-01-04 09:51:57,670| ThreadPoolExecutor-0_0| DEBUG| fits name: /home/emcewen/out_sim/20201222/fits/20201222_aocb_2020122_012857o_tmax200_raw.fits
2021-01-04 09:51:57,716| ThreadPoolExecutor-0_0| INFO | ---> saving ccor
2021-01-04 09:51:57,773| ThreadPoolExecutor-0_0| INFO | == /home/emcewen/out_sim/20201222/fits/20201222_aocb_2020122_012857o_tmax200_raw.fits
2021-01-04 09:51:57,773| ThreadPoolExecutor-0_0| INFO | ====> Graphing
2021-01-04 09:51:57,962| ThreadPoolExecutor-0_0| DEBUG| path created: /home/emcewen/out_sim/20201222/plots/acor_png/
2021-01-04 09:51:57,964| ThreadPoolExecutor-0_0| DEBUG| Graphing: graph_3_rows_t_mat
2021-01-04 09:51:58,867| ThreadPoolExecutor-0_0| INFO | /home/emcewen/out_sim/20201222/plots/acor_png/20201222_aocb_2020122_012857o_raw_acor_avg_0.png
2021-01-04 09:51:59,016| ThreadPoolExecutor-0_0| DEBUG| path created: /home/emcewen/out_sim/20201222/plots/acor_avg_gif/
2021-01-04 09:51:59,017| ThreadPoolExecutor-0_0| DEBUG| Graphing: gif_3_mat
2021-01-04 09:52:08,375| ThreadPoolExecutor-0_0| INFO | /home/emcewen/out_sim/20201222/plots/acor_avg_gif/20201222_aocb_2020122_012857o_raw_acor_avg_0.gif
2021-01-04 09:52:09,790| ThreadPoolExecutor-0_0| DEBUG| path created: /home/emcewen/out_sim/20201222/plots/ccor_all_png/
2021-01-04 09:52:09,791| ThreadPoolExecutor-0_0| DEBUG| Graphing: graph_5_5_ccor
2021-01-04 09:52:10,810| ThreadPoolExecutor-0_0| INFO | /home/emcewen/out_sim/20201222/plots/ccor_all_png/20201222_aocb_2020122_012857o_raw_ccor_all_0.png
2021-01-04 09:52:11,592| ThreadPoolExecutor-0_0| DEBUG| path created: /home/emcewen/out_sim/20201222/plots/ccor_all_gif/
2021-01-04 09:52:11,592| ThreadPoolExecutor-0_0| DEBUG| Graphing: cor_animate_all
2021-01-04 09:52:30,219| ThreadPoolExecutor-0_0| INFO | /home/emcewen/out_sim/20201222/plots/ccor_all_gif/20201222_aocb_2020122_012857o_raw_ccor_all_0.gif
2021-01-04 09:52:30,219| ThreadPoolExecutor-0_0| INFO | ===> complete
2021-01-04 09:52:30,223| ThreadPoolExecutor-0_0| INFO | ======== 20201222_aocb_2020122_012857o ========
2021-01-04 09:52:30,223| ThreadPoolExecutor-0_0| INFO | == sub_len = 5 
2021-01-04 09:52:30,223| ThreadPoolExecutor-0_0| INFO | == s_sub = False 
2021-01-04 09:52:30,224| ThreadPoolExecutor-0_0| INFO | == tt_sub = False 
2021-01-04 09:52:30,224| ThreadPoolExecutor-0_0| DEBUG| path found: /home/emcewen/out_sim/20201222/
2021-01-04 09:52:30,224| ThreadPoolExecutor-0_0| DEBUG| datacheckfile: /home/imaka/data/sim/20201222/ao/aocb_2020122_012857o.fits
2021-01-04 09:52:30,233| ThreadPoolExecutor-0_0| DEBUG| datacheckfile: /home/imaka/data/sim/20201222/ao/aocb_2020122_012857o.fits
2021-01-04 09:52:30,249| ThreadPoolExecutor-0_0| DEBUG| path found: /home/emcewen/out_sim/20201222/fits/
2021-01-04 09:52:30,250| ThreadPoolExecutor-0_0| DEBUG| fits name: /home/emcewen/out_sim/20201222/fits/20201222_aocb_2020122_012857o_tmax200_raw.fits
2021-01-04 09:52:30,250| ThreadPoolExecutor-0_0| DEBUG| fits found: /home/emcewen/out_sim/20201222/fits/20201222_aocb_2020122_012857o_tmax200_raw.fits
2021-01-04 09:52:30,251| ThreadPoolExecutor-0_0| INFO | ---> Pulling data from fits file :  /home/emcewen/out_sim/20201222/fits/20201222_aocb_2020122_012857o_tmax200_raw.fits
2021-01-04 09:52:30,271| ThreadPoolExecutor-0_0| INFO | Generating auto corr from ccor tmax = 200
2021-01-04 09:52:30,272| ThreadPoolExecutor-0_0| DEBUG| datacheckfile: /home/imaka/data/sim/20201222/ao/aocb_2020122_012857o.fits
2021-01-04 09:52:30,292| ThreadPoolExecutor-0_0| DEBUG| self.target_file: None
2021-01-04 09:52:30,293| ThreadPoolExecutor-0_0| INFO | ====> Starting acor
2021-01-04 09:52:30,293| ThreadPoolExecutor-0_0| INFO | Auto corr already generated, tmax = 200
2021-01-04 09:52:30,294| ThreadPoolExecutor-0_0| INFO | == finished in 0.00021076202392578125 s
2021-01-04 09:52:30,294| ThreadPoolExecutor-0_0| INFO | ====> Starting ccor
2021-01-04 09:52:30,294| ThreadPoolExecutor-0_0| INFO | Cross corr already generated, tmax = 200
2021-01-04 09:52:30,294| ThreadPoolExecutor-0_0| INFO | == finished in 0.00015163421630859375 s
2021-01-04 09:52:30,294| ThreadPoolExecutor-0_0| INFO | ====> writing fits
2021-01-04 09:52:30,296| ThreadPoolExecutor-0_0| INFO | ---> saving ccor
2021-01-04 09:52:30,334| ThreadPoolExecutor-0_0| INFO | == /home/emcewen/out_sim/20201222/fits/20201222_aocb_2020122_012857o_tmax200_raw.fits
2021-01-04 09:52:30,335| ThreadPoolExecutor-0_0| INFO | ====> Graphing
2021-01-04 09:52:30,390| ThreadPoolExecutor-0_0| DEBUG| path found: /home/emcewen/out_sim/20201222/plots/acor_png/
2021-01-04 09:52:30,391| ThreadPoolExecutor-0_0| DEBUG| Graphing: graph_3_rows_t_mat
2021-01-04 09:52:31,142| ThreadPoolExecutor-0_0| INFO | /home/emcewen/out_sim/20201222/plots/acor_png/20201222_aocb_2020122_012857o_raw_acor_avg_1.png
2021-01-04 09:52:31,196| ThreadPoolExecutor-0_0| DEBUG| path found: /home/emcewen/out_sim/20201222/plots/acor_avg_gif/
2021-01-04 09:52:31,196| ThreadPoolExecutor-0_0| DEBUG| Graphing: gif_3_mat
2021-01-04 09:52:40,396| ThreadPoolExecutor-0_0| INFO | /home/emcewen/out_sim/20201222/plots/acor_avg_gif/20201222_aocb_2020122_012857o_raw_acor_avg_1.gif
2021-01-04 09:52:40,747| ThreadPoolExecutor-0_0| DEBUG| path found: /home/emcewen/out_sim/20201222/plots/ccor_all_png/
2021-01-04 09:52:40,748| ThreadPoolExecutor-0_0| DEBUG| Graphing: graph_5_5_ccor
2021-01-04 09:52:41,936| ThreadPoolExecutor-0_0| INFO | /home/emcewen/out_sim/20201222/plots/ccor_all_png/20201222_aocb_2020122_012857o_raw_ccor_all_1.png
2021-01-04 09:52:42,238| ThreadPoolExecutor-0_0| DEBUG| path found: /home/emcewen/out_sim/20201222/plots/ccor_all_gif/
2021-01-04 09:52:42,238| ThreadPoolExecutor-0_0| DEBUG| Graphing: cor_animate_all
2021-01-04 09:53:01,670| ThreadPoolExecutor-0_0| INFO | /home/emcewen/out_sim/20201222/plots/ccor_all_gif/20201222_aocb_2020122_012857o_raw_ccor_all_1.gif
2021-01-04 09:53:01,848| ThreadPoolExecutor-0_0| INFO | ===> complete
2021-01-04 09:53:01,850| ThreadPoolExecutor-0_0| INFO | ======== 20201222_aocb_2020122_012857o ========
2021-01-04 09:53:01,860| ThreadPoolExecutor-0_0| INFO | == sub_len = 0 
2021-01-04 09:53:01,889| ThreadPoolExecutor-0_0| INFO | == s_sub = True 
2021-01-04 09:53:01,901| ThreadPoolExecutor-0_0| INFO | == tt_sub = False 
2021-01-04 09:53:01,909| ThreadPoolExecutor-0_0| DEBUG| path found: /home/emcewen/out_sim/20201222/
2021-01-04 09:53:01,921| ThreadPoolExecutor-0_0| DEBUG| datacheckfile: /home/imaka/data/sim/20201222/ao/aocb_2020122_012857o.fits
2021-01-04 09:53:01,996| ThreadPoolExecutor-0_0| DEBUG| datacheckfile: /home/imaka/data/sim/20201222/ao/aocb_2020122_012857o.fits
2021-01-04 09:53:02,389| ThreadPoolExecutor-0_0| DEBUG| path found: /home/emcewen/out_sim/20201222/fits/
2021-01-04 09:53:02,412| ThreadPoolExecutor-0_0| DEBUG| fits name: /home/emcewen/out_sim/20201222/fits/20201222_aocb_2020122_012857o_tmax200_s.fits
2021-01-04 09:53:02,417| ThreadPoolExecutor-0_0| DEBUG| fits not found: /home/emcewen/out_sim/20201222/fits/20201222_aocb_2020122_012857o_tmax200_s.fits
2021-01-04 09:53:02,423| ThreadPoolExecutor-0_0| INFO | ====> Starting acor
2021-01-04 09:53:02,423| ThreadPoolExecutor-0_0| INFO | Generating auto corr tmax = 200
2021-01-04 10:04:25,683| ThreadPoolExecutor-0_0| INFO | == finished in 683.2597780227661 s
2021-01-04 10:04:25,684| ThreadPoolExecutor-0_0| INFO | ====> Starting ccor
2021-01-04 10:04:25,684| ThreadPoolExecutor-0_0| INFO | Generating cross corr tmax = 200
2021-01-04 10:20:03,861| ThreadPoolExecutor-0_0| INFO | == finished in 938.1771912574768 s
2021-01-04 10:20:03,862| ThreadPoolExecutor-0_0| INFO | ====> writing fits
2021-01-04 10:20:03,863| ThreadPoolExecutor-0_0| DEBUG| path found: /home/emcewen/out_sim/20201222/fits/
2021-01-04 10:20:03,863| ThreadPoolExecutor-0_0| DEBUG| fits name: /home/emcewen/out_sim/20201222/fits/20201222_aocb_2020122_012857o_tmax200_s.fits
2021-01-04 10:20:03,909| ThreadPoolExecutor-0_0| INFO | ---> saving ccor
2021-01-04 10:20:03,970| ThreadPoolExecutor-0_0| INFO | == /home/emcewen/out_sim/20201222/fits/20201222_aocb_2020122_012857o_tmax200_s.fits
2021-01-04 10:20:03,970| ThreadPoolExecutor-0_0| INFO | ====> Graphing
2021-01-04 10:20:04,165| ThreadPoolExecutor-0_0| DEBUG| path found: /home/emcewen/out_sim/20201222/plots/acor_png/
2021-01-04 10:20:04,166| ThreadPoolExecutor-0_0| DEBUG| Graphing: graph_3_rows_t_mat
2021-01-04 10:20:05,010| ThreadPoolExecutor-0_0| INFO | /home/emcewen/out_sim/20201222/plots/acor_png/20201222_aocb_2020122_012857o_s_acor_avg_0.png
2021-01-04 10:20:05,236| ThreadPoolExecutor-0_0| DEBUG| path found: /home/emcewen/out_sim/20201222/plots/acor_avg_gif/
2021-01-04 10:20:05,236| ThreadPoolExecutor-0_0| DEBUG| Graphing: gif_3_mat
2021-01-04 10:20:14,625| ThreadPoolExecutor-0_0| INFO | /home/emcewen/out_sim/20201222/plots/acor_avg_gif/20201222_aocb_2020122_012857o_s_acor_avg_0.gif
2021-01-04 10:20:15,304| ThreadPoolExecutor-0_0| DEBUG| path found: /home/emcewen/out_sim/20201222/plots/ccor_all_png/
2021-01-04 10:20:15,305| ThreadPoolExecutor-0_0| DEBUG| Graphing: graph_5_5_ccor
2021-01-04 10:20:16,098| ThreadPoolExecutor-0_0| INFO | /home/emcewen/out_sim/20201222/plots/ccor_all_png/20201222_aocb_2020122_012857o_s_ccor_all_0.png
2021-01-04 10:20:16,675| ThreadPoolExecutor-0_0| DEBUG| path found: /home/emcewen/out_sim/20201222/plots/ccor_all_gif/
2021-01-04 10:20:16,676| ThreadPoolExecutor-0_0| DEBUG| Graphing: cor_animate_all
2021-01-04 10:20:32,328| ThreadPoolExecutor-0_0| INFO | /home/emcewen/out_sim/20201222/plots/ccor_all_gif/20201222_aocb_2020122_012857o_s_ccor_all_0.gif
2021-01-04 10:20:32,329| ThreadPoolExecutor-0_0| INFO | ===> complete
2021-01-04 10:20:32,329| ThreadPoolExecutor-0_0| INFO | ======== 20201222_aocb_2020122_012857o ========
2021-01-04 10:20:32,329| ThreadPoolExecutor-0_0| INFO | == sub_len = 5 
2021-01-04 10:20:32,329| ThreadPoolExecutor-0_0| INFO | == s_sub = True 
2021-01-04 10:20:32,329| ThreadPoolExecutor-0_0| INFO | == tt_sub = False 
2021-01-04 10:20:32,329| ThreadPoolExecutor-0_0| DEBUG| path found: /home/emcewen/out_sim/20201222/
2021-01-04 10:20:32,329| ThreadPoolExecutor-0_0| DEBUG| datacheckfile: /home/imaka/data/sim/20201222/ao/aocb_2020122_012857o.fits
2021-01-04 10:20:32,335| ThreadPoolExecutor-0_0| DEBUG| datacheckfile: /home/imaka/data/sim/20201222/ao/aocb_2020122_012857o.fits
2021-01-04 10:20:32,361| ThreadPoolExecutor-0_0| DEBUG| path found: /home/emcewen/out_sim/20201222/fits/
2021-01-04 10:20:32,361| ThreadPoolExecutor-0_0| DEBUG| fits name: /home/emcewen/out_sim/20201222/fits/20201222_aocb_2020122_012857o_tmax200_s.fits
2021-01-04 10:20:32,362| ThreadPoolExecutor-0_0| DEBUG| fits found: /home/emcewen/out_sim/20201222/fits/20201222_aocb_2020122_012857o_tmax200_s.fits
2021-01-04 10:20:32,362| ThreadPoolExecutor-0_0| INFO | ---> Pulling data from fits file :  /home/emcewen/out_sim/20201222/fits/20201222_aocb_2020122_012857o_tmax200_s.fits
2021-01-04 10:20:32,376| ThreadPoolExecutor-0_0| INFO | Generating auto corr from ccor tmax = 200
2021-01-04 10:20:32,377| ThreadPoolExecutor-0_0| DEBUG| datacheckfile: /home/imaka/data/sim/20201222/ao/aocb_2020122_012857o.fits
2021-01-04 10:20:32,393| ThreadPoolExecutor-0_0| DEBUG| self.target_file: None
2021-01-04 10:20:32,394| ThreadPoolExecutor-0_0| INFO | ====> Starting acor
2021-01-04 10:20:32,394| ThreadPoolExecutor-0_0| INFO | Auto corr already generated, tmax = 200
2021-01-04 10:20:32,394| ThreadPoolExecutor-0_0| INFO | == finished in 9.870529174804688e-05 s
2021-01-04 10:20:32,395| ThreadPoolExecutor-0_0| INFO | ====> Starting ccor
2021-01-04 10:20:32,395| ThreadPoolExecutor-0_0| INFO | Cross corr already generated, tmax = 200
2021-01-04 10:20:32,395| ThreadPoolExecutor-0_0| INFO | == finished in 0.00015282630920410156 s
2021-01-04 10:20:32,395| ThreadPoolExecutor-0_0| INFO | ====> writing fits
2021-01-04 10:20:32,396| ThreadPoolExecutor-0_0| INFO | ---> saving ccor
2021-01-04 10:20:32,424| ThreadPoolExecutor-0_0| INFO | == /home/emcewen/out_sim/20201222/fits/20201222_aocb_2020122_012857o_tmax200_s.fits
2021-01-04 10:20:32,425| ThreadPoolExecutor-0_0| INFO | ====> Graphing
2021-01-04 10:20:32,484| ThreadPoolExecutor-0_0| DEBUG| path found: /home/emcewen/out_sim/20201222/plots/acor_png/
2021-01-04 10:20:32,484| ThreadPoolExecutor-0_0| DEBUG| Graphing: graph_3_rows_t_mat
2021-01-04 10:20:33,241| ThreadPoolExecutor-0_0| INFO | /home/emcewen/out_sim/20201222/plots/acor_png/20201222_aocb_2020122_012857o_s_acor_avg_1.png
2021-01-04 10:20:33,298| ThreadPoolExecutor-0_0| DEBUG| path found: /home/emcewen/out_sim/20201222/plots/acor_avg_gif/
2021-01-04 10:20:33,298| ThreadPoolExecutor-0_0| DEBUG| Graphing: gif_3_mat
2021-01-04 10:20:42,417| ThreadPoolExecutor-0_0| INFO | /home/emcewen/out_sim/20201222/plots/acor_avg_gif/20201222_aocb_2020122_012857o_s_acor_avg_1.gif
2021-01-04 10:20:42,857| ThreadPoolExecutor-0_0| DEBUG| path found: /home/emcewen/out_sim/20201222/plots/ccor_all_png/
2021-01-04 10:20:42,858| ThreadPoolExecutor-0_0| DEBUG| Graphing: graph_5_5_ccor
2021-01-04 10:20:43,896| ThreadPoolExecutor-0_0| INFO | /home/emcewen/out_sim/20201222/plots/ccor_all_png/20201222_aocb_2020122_012857o_s_ccor_all_1.png
2021-01-04 10:20:44,320| ThreadPoolExecutor-0_0| DEBUG| path found: /home/emcewen/out_sim/20201222/plots/ccor_all_gif/
2021-01-04 10:20:44,321| ThreadPoolExecutor-0_0| DEBUG| Graphing: cor_animate_all
2021-01-04 10:21:05,355| ThreadPoolExecutor-0_0| INFO | /home/emcewen/out_sim/20201222/plots/ccor_all_gif/20201222_aocb_2020122_012857o_s_ccor_all_1.gif
2021-01-04 10:21:05,361| ThreadPoolExecutor-0_0| INFO | ===> complete
2021-01-04 10:21:05,363| ThreadPoolExecutor-0_0| INFO | ======== 20201222_aocb_2020122_012857o ========
2021-01-04 10:21:05,363| ThreadPoolExecutor-0_0| INFO | == sub_len = 0 
2021-01-04 10:21:05,363| ThreadPoolExecutor-0_0| INFO | == s_sub = True 
2021-01-04 10:21:05,371| ThreadPoolExecutor-0_0| INFO | == tt_sub = True 
2021-01-04 10:21:05,387| ThreadPoolExecutor-0_0| DEBUG| path found: /home/emcewen/out_sim/20201222/
2021-01-04 10:21:05,404| ThreadPoolExecutor-0_0| DEBUG| datacheckfile: /home/imaka/data/sim/20201222/ao/aocb_2020122_012857o.fits
2021-01-04 10:21:05,509| ThreadPoolExecutor-0_0| DEBUG| datacheckfile: /home/imaka/data/sim/20201222/ao/aocb_2020122_012857o.fits
2021-01-04 10:21:05,743| ThreadPoolExecutor-0_0| DEBUG| path found: /home/emcewen/out_sim/20201222/fits/
2021-01-04 10:21:05,746| ThreadPoolExecutor-0_0| DEBUG| fits name: /home/emcewen/out_sim/20201222/fits/20201222_aocb_2020122_012857o_tmax200_stt.fits
2021-01-04 10:21:05,747| ThreadPoolExecutor-0_0| DEBUG| fits not found: /home/emcewen/out_sim/20201222/fits/20201222_aocb_2020122_012857o_tmax200_stt.fits
2021-01-04 10:21:05,747| ThreadPoolExecutor-0_0| INFO | ====> Starting acor
2021-01-04 10:21:05,747| ThreadPoolExecutor-0_0| INFO | Generating auto corr tmax = 200
2021-01-04 10:33:13,753| ThreadPoolExecutor-0_0| INFO | == finished in 728.0055732727051 s
2021-01-04 10:33:13,754| ThreadPoolExecutor-0_0| INFO | ====> Starting ccor
2021-01-04 10:33:13,755| ThreadPoolExecutor-0_0| INFO | Generating cross corr tmax = 200
2021-01-04 10:50:09,139| ThreadPoolExecutor-0_0| INFO | == finished in 1015.3840570449829 s
2021-01-04 10:50:09,140| ThreadPoolExecutor-0_0| INFO | ====> writing fits
2021-01-04 10:50:09,141| ThreadPoolExecutor-0_0| DEBUG| path found: /home/emcewen/out_sim/20201222/fits/
2021-01-04 10:50:09,141| ThreadPoolExecutor-0_0| DEBUG| fits name: /home/emcewen/out_sim/20201222/fits/20201222_aocb_2020122_012857o_tmax200_stt.fits
2021-01-04 10:50:09,192| ThreadPoolExecutor-0_0| INFO | ---> saving ccor
2021-01-04 10:50:09,249| ThreadPoolExecutor-0_0| INFO | == /home/emcewen/out_sim/20201222/fits/20201222_aocb_2020122_012857o_tmax200_stt.fits
2021-01-04 10:50:09,250| ThreadPoolExecutor-0_0| INFO | ====> Graphing
2021-01-04 10:50:09,495| ThreadPoolExecutor-0_0| DEBUG| path found: /home/emcewen/out_sim/20201222/plots/acor_png/
2021-01-04 10:50:09,495| ThreadPoolExecutor-0_0| DEBUG| Graphing: graph_3_rows_t_mat
2021-01-04 10:50:10,520| ThreadPoolExecutor-0_0| INFO | /home/emcewen/out_sim/20201222/plots/acor_png/20201222_aocb_2020122_012857o_stt_acor_avg_0.png
2021-01-04 10:50:10,738| ThreadPoolExecutor-0_0| DEBUG| path found: /home/emcewen/out_sim/20201222/plots/acor_avg_gif/
2021-01-04 10:50:10,739| ThreadPoolExecutor-0_0| DEBUG| Graphing: gif_3_mat
2021-01-04 10:50:19,949| ThreadPoolExecutor-0_0| INFO | /home/emcewen/out_sim/20201222/plots/acor_avg_gif/20201222_aocb_2020122_012857o_stt_acor_avg_0.gif
2021-01-04 10:50:20,475| ThreadPoolExecutor-0_0| DEBUG| path found: /home/emcewen/out_sim/20201222/plots/ccor_all_png/
2021-01-04 10:50:20,476| ThreadPoolExecutor-0_0| DEBUG| Graphing: graph_5_5_ccor
2021-01-04 10:50:21,231| ThreadPoolExecutor-0_0| INFO | /home/emcewen/out_sim/20201222/plots/ccor_all_png/20201222_aocb_2020122_012857o_stt_ccor_all_0.png
2021-01-04 10:50:21,704| ThreadPoolExecutor-0_0| DEBUG| path found: /home/emcewen/out_sim/20201222/plots/ccor_all_gif/
2021-01-04 10:50:21,705| ThreadPoolExecutor-0_0| DEBUG| Graphing: cor_animate_all
2021-01-04 10:50:37,490| ThreadPoolExecutor-0_0| INFO | /home/emcewen/out_sim/20201222/plots/ccor_all_gif/20201222_aocb_2020122_012857o_stt_ccor_all_0.gif
2021-01-04 10:50:37,490| ThreadPoolExecutor-0_0| INFO | ===> complete
2021-01-04 10:50:37,493| ThreadPoolExecutor-0_0| INFO | ======== 20201222_aocb_2020122_012857o ========
2021-01-04 10:50:37,493| ThreadPoolExecutor-0_0| INFO | == sub_len = 5 
2021-01-04 10:50:37,493| ThreadPoolExecutor-0_0| INFO | == s_sub = True 
2021-01-04 10:50:37,493| ThreadPoolExecutor-0_0| INFO | == tt_sub = True 
2021-01-04 10:50:37,494| ThreadPoolExecutor-0_0| DEBUG| path found: /home/emcewen/out_sim/20201222/
2021-01-04 10:50:37,494| ThreadPoolExecutor-0_0| DEBUG| datacheckfile: /home/imaka/data/sim/20201222/ao/aocb_2020122_012857o.fits
2021-01-04 10:50:37,500| ThreadPoolExecutor-0_0| DEBUG| datacheckfile: /home/imaka/data/sim/20201222/ao/aocb_2020122_012857o.fits
2021-01-04 10:50:37,527| ThreadPoolExecutor-0_0| DEBUG| path found: /home/emcewen/out_sim/20201222/fits/
2021-01-04 10:50:37,527| ThreadPoolExecutor-0_0| DEBUG| fits name: /home/emcewen/out_sim/20201222/fits/20201222_aocb_2020122_012857o_tmax200_stt.fits
2021-01-04 10:50:37,527| ThreadPoolExecutor-0_0| DEBUG| fits found: /home/emcewen/out_sim/20201222/fits/20201222_aocb_2020122_012857o_tmax200_stt.fits
2021-01-04 10:50:37,528| ThreadPoolExecutor-0_0| INFO | ---> Pulling data from fits file :  /home/emcewen/out_sim/20201222/fits/20201222_aocb_2020122_012857o_tmax200_stt.fits
2021-01-04 10:50:37,538| ThreadPoolExecutor-0_0| INFO | Generating auto corr from ccor tmax = 200
2021-01-04 10:50:37,540| ThreadPoolExecutor-0_0| DEBUG| datacheckfile: /home/imaka/data/sim/20201222/ao/aocb_2020122_012857o.fits
2021-01-04 10:50:37,564| ThreadPoolExecutor-0_0| DEBUG| self.target_file: None
2021-01-04 10:50:37,565| ThreadPoolExecutor-0_0| INFO | ====> Starting acor
2021-01-04 10:50:37,565| ThreadPoolExecutor-0_0| INFO | Auto corr already generated, tmax = 200
2021-01-04 10:50:37,565| ThreadPoolExecutor-0_0| INFO | == finished in 0.00033545494079589844 s
2021-01-04 10:50:37,565| ThreadPoolExecutor-0_0| INFO | ====> Starting ccor
2021-01-04 10:50:37,565| ThreadPoolExecutor-0_0| INFO | Cross corr already generated, tmax = 200
2021-01-04 10:50:37,566| ThreadPoolExecutor-0_0| INFO | == finished in 0.00034618377685546875 s
2021-01-04 10:50:37,566| ThreadPoolExecutor-0_0| INFO | ====> writing fits
2021-01-04 10:50:37,567| ThreadPoolExecutor-0_0| INFO | ---> saving ccor
2021-01-04 10:50:37,597| ThreadPoolExecutor-0_0| INFO | == /home/emcewen/out_sim/20201222/fits/20201222_aocb_2020122_012857o_tmax200_stt.fits
2021-01-04 10:50:37,598| ThreadPoolExecutor-0_0| INFO | ====> Graphing
2021-01-04 10:50:37,682| ThreadPoolExecutor-0_0| DEBUG| path found: /home/emcewen/out_sim/20201222/plots/acor_png/
2021-01-04 10:50:37,683| ThreadPoolExecutor-0_0| DEBUG| Graphing: graph_3_rows_t_mat
2021-01-04 10:50:38,588| ThreadPoolExecutor-0_0| INFO | /home/emcewen/out_sim/20201222/plots/acor_png/20201222_aocb_2020122_012857o_stt_acor_avg_1.png
2021-01-04 10:50:38,699| ThreadPoolExecutor-0_0| DEBUG| path found: /home/emcewen/out_sim/20201222/plots/acor_avg_gif/
2021-01-04 10:50:38,699| ThreadPoolExecutor-0_0| DEBUG| Graphing: gif_3_mat
2021-01-04 10:50:47,734| ThreadPoolExecutor-0_0| INFO | /home/emcewen/out_sim/20201222/plots/acor_avg_gif/20201222_aocb_2020122_012857o_stt_acor_avg_1.gif
2021-01-04 10:50:47,944| ThreadPoolExecutor-0_0| DEBUG| path found: /home/emcewen/out_sim/20201222/plots/ccor_all_png/
2021-01-04 10:50:47,945| ThreadPoolExecutor-0_0| DEBUG| Graphing: graph_5_5_ccor
2021-01-04 10:50:48,798| ThreadPoolExecutor-0_0| INFO | /home/emcewen/out_sim/20201222/plots/ccor_all_png/20201222_aocb_2020122_012857o_stt_ccor_all_1.png
2021-01-04 10:50:49,006| ThreadPoolExecutor-0_0| DEBUG| path found: /home/emcewen/out_sim/20201222/plots/ccor_all_gif/
2021-01-04 10:50:49,007| ThreadPoolExecutor-0_0| DEBUG| Graphing: cor_animate_all
2021-01-04 10:51:04,257| ThreadPoolExecutor-0_0| INFO | /home/emcewen/out_sim/20201222/plots/ccor_all_gif/20201222_aocb_2020122_012857o_stt_ccor_all_1.gif
2021-01-04 10:51:04,258| ThreadPoolExecutor-0_0| INFO | ===> complete
2021-01-04 10:51:04,260| ThreadPoolExecutor-0_0| INFO | File 0: ending
2021-01-04 10:51:04,262| ThreadPoolExecutor-0_0| INFO | File 5: starting 20201222_aocb_2020122_142344o
2021-01-04 10:51:04,262| ThreadPoolExecutor-0_0| INFO |    5 name: 20201222_aocb_2020122_142344o
2021-01-04 10:51:04,262| ThreadPoolExecutor-0_0| INFO |    5 d_file: /home/imaka/data/sim/20201222/ao/aocb_2020122_142344o.fits
2021-01-04 10:51:04,263| ThreadPoolExecutor-0_0| INFO |    5 o_dirs: /home/emcewen/out_sim/20201222/
2021-01-04 10:51:04,263| ThreadPoolExecutor-0_0| INFO |    5 t_file: /home/emcewen/data/target_input/simul_4GS_12am_6mag_USNOB_GS.txt
2021-01-04 10:51:04,264| ThreadPoolExecutor-0_0| INFO | ======== 20201222_aocb_2020122_142344o ========
2021-01-04 10:51:04,264| ThreadPoolExecutor-0_0| INFO | == sub_len = 0 
2021-01-04 10:51:04,265| ThreadPoolExecutor-0_0| INFO | == s_sub = False 
2021-01-04 10:51:04,265| ThreadPoolExecutor-0_0| INFO | == tt_sub = False 
2021-01-04 10:51:04,266| ThreadPoolExecutor-0_0| DEBUG| path found: /home/emcewen/out_sim/20201222/
2021-01-04 10:51:04,266| ThreadPoolExecutor-0_0| DEBUG| datacheckfile: /home/imaka/data/sim/20201222/ao/aocb_2020122_142344o.fits
2021-01-04 10:51:04,274| ThreadPoolExecutor-0_0| DEBUG| datacheckfile: /home/imaka/data/sim/20201222/ao/aocb_2020122_142344o.fits
2021-01-04 10:51:04,294| ThreadPoolExecutor-0_0| DEBUG| path found: /home/emcewen/out_sim/20201222/fits/
2021-01-04 10:51:04,294| ThreadPoolExecutor-0_0| DEBUG| fits name: /home/emcewen/out_sim/20201222/fits/20201222_aocb_2020122_142344o_tmax200_raw.fits
2021-01-04 10:51:04,294| ThreadPoolExecutor-0_0| DEBUG| fits not found: /home/emcewen/out_sim/20201222/fits/20201222_aocb_2020122_142344o_tmax200_raw.fits
2021-01-04 10:51:04,295| ThreadPoolExecutor-0_0| INFO | ====> Starting acor
2021-01-04 10:51:04,295| ThreadPoolExecutor-0_0| INFO | Generating auto corr tmax = 200
2021-01-04 10:56:08,322| ThreadPoolExecutor-0_0| INFO | == finished in 304.0270836353302 s
2021-01-04 10:56:08,323| ThreadPoolExecutor-0_0| INFO | ====> Starting ccor
2021-01-04 10:56:08,323| ThreadPoolExecutor-0_0| INFO | Generating cross corr tmax = 200
2021-01-04 11:00:22,053| ThreadPoolExecutor-0_0| INFO | == finished in 253.7304491996765 s
2021-01-04 11:00:22,054| ThreadPoolExecutor-0_0| INFO | ====> writing fits
2021-01-04 11:00:22,054| ThreadPoolExecutor-0_0| DEBUG| path found: /home/emcewen/out_sim/20201222/fits/
2021-01-04 11:00:22,054| ThreadPoolExecutor-0_0| DEBUG| fits name: /home/emcewen/out_sim/20201222/fits/20201222_aocb_2020122_142344o_tmax200_raw.fits
2021-01-04 11:00:22,079| ThreadPoolExecutor-0_0| INFO | ---> saving ccor
2021-01-04 11:00:22,123| ThreadPoolExecutor-0_0| INFO | == /home/emcewen/out_sim/20201222/fits/20201222_aocb_2020122_142344o_tmax200_raw.fits
2021-01-04 11:00:22,123| ThreadPoolExecutor-0_0| INFO | ====> Graphing
2021-01-04 11:00:22,213| ThreadPoolExecutor-0_0| DEBUG| path found: /home/emcewen/out_sim/20201222/plots/acor_png/
2021-01-04 11:00:22,214| ThreadPoolExecutor-0_0| DEBUG| Graphing: graph_3_rows_t_mat
2021-01-04 11:00:22,910| ThreadPoolExecutor-0_0| INFO | /home/emcewen/out_sim/20201222/plots/acor_png/20201222_aocb_2020122_142344o_raw_acor_avg_0.png
2021-01-04 11:00:23,003| ThreadPoolExecutor-0_0| DEBUG| path found: /home/emcewen/out_sim/20201222/plots/acor_avg_gif/
2021-01-04 11:00:23,003| ThreadPoolExecutor-0_0| DEBUG| Graphing: gif_3_mat
2021-01-04 11:00:31,653| ThreadPoolExecutor-0_0| INFO | /home/emcewen/out_sim/20201222/plots/acor_avg_gif/20201222_aocb_2020122_142344o_raw_acor_avg_0.gif
2021-01-04 11:00:31,763| ThreadPoolExecutor-0_0| DEBUG| path found: /home/emcewen/out_sim/20201222/plots/ccor_all_png/
2021-01-04 11:00:31,763| ThreadPoolExecutor-0_0| DEBUG| Graphing: graph_5_5_ccor
2021-01-04 11:00:32,495| ThreadPoolExecutor-0_0| INFO | /home/emcewen/out_sim/20201222/plots/ccor_all_png/20201222_aocb_2020122_142344o_raw_ccor_all_0.png
2021-01-04 11:00:32,604| ThreadPoolExecutor-0_0| DEBUG| path found: /home/emcewen/out_sim/20201222/plots/ccor_all_gif/
2021-01-04 11:00:32,604| ThreadPoolExecutor-0_0| DEBUG| Graphing: cor_animate_all
2021-01-04 11:00:50,777| ThreadPoolExecutor-0_0| INFO | /home/emcewen/out_sim/20201222/plots/ccor_all_gif/20201222_aocb_2020122_142344o_raw_ccor_all_0.gif
2021-01-04 11:00:50,778| ThreadPoolExecutor-0_0| INFO | ===> complete
2021-01-04 11:00:50,778| ThreadPoolExecutor-0_0| INFO | ======== 20201222_aocb_2020122_142344o ========
2021-01-04 11:00:50,778| ThreadPoolExecutor-0_0| INFO | == sub_len = 5 
2021-01-04 11:00:50,778| ThreadPoolExecutor-0_0| INFO | == s_sub = False 
2021-01-04 11:00:50,778| ThreadPoolExecutor-0_0| INFO | == tt_sub = False 
2021-01-04 11:00:50,778| ThreadPoolExecutor-0_0| DEBUG| path found: /home/emcewen/out_sim/20201222/
2021-01-04 11:00:50,778| ThreadPoolExecutor-0_0| DEBUG| datacheckfile: /home/imaka/data/sim/20201222/ao/aocb_2020122_142344o.fits
2021-01-04 11:00:50,783| ThreadPoolExecutor-0_0| DEBUG| datacheckfile: /home/imaka/data/sim/20201222/ao/aocb_2020122_142344o.fits
2021-01-04 11:00:50,797| ThreadPoolExecutor-0_0| DEBUG| path found: /home/emcewen/out_sim/20201222/fits/
2021-01-04 11:00:50,797| ThreadPoolExecutor-0_0| DEBUG| fits name: /home/emcewen/out_sim/20201222/fits/20201222_aocb_2020122_142344o_tmax200_raw.fits
2021-01-04 11:00:50,797| ThreadPoolExecutor-0_0| DEBUG| fits found: /home/emcewen/out_sim/20201222/fits/20201222_aocb_2020122_142344o_tmax200_raw.fits
2021-01-04 11:00:50,797| ThreadPoolExecutor-0_0| INFO | ---> Pulling data from fits file :  /home/emcewen/out_sim/20201222/fits/20201222_aocb_2020122_142344o_tmax200_raw.fits
2021-01-04 11:00:50,809| ThreadPoolExecutor-0_0| INFO | Generating auto corr from ccor tmax = 200
2021-01-04 11:00:50,810| ThreadPoolExecutor-0_0| DEBUG| datacheckfile: /home/imaka/data/sim/20201222/ao/aocb_2020122_142344o.fits
2021-01-04 11:00:50,824| ThreadPoolExecutor-0_0| DEBUG| self.target_file: None
2021-01-04 11:00:50,825| ThreadPoolExecutor-0_0| INFO | ====> Starting acor
2021-01-04 11:00:50,825| ThreadPoolExecutor-0_0| INFO | Auto corr already generated, tmax = 200
2021-01-04 11:00:50,825| ThreadPoolExecutor-0_0| INFO | == finished in 9.703636169433594e-05 s
2021-01-04 11:00:50,825| ThreadPoolExecutor-0_0| INFO | ====> Starting ccor
2021-01-04 11:00:50,825| ThreadPoolExecutor-0_0| INFO | Cross corr already generated, tmax = 200
2021-01-04 11:00:50,825| ThreadPoolExecutor-0_0| INFO | == finished in 8.869171142578125e-05 s
2021-01-04 11:00:50,825| ThreadPoolExecutor-0_0| INFO | ====> writing fits
2021-01-04 11:00:50,826| ThreadPoolExecutor-0_0| INFO | ---> saving ccor
2021-01-04 11:00:50,856| ThreadPoolExecutor-0_0| INFO | == /home/emcewen/out_sim/20201222/fits/20201222_aocb_2020122_142344o_tmax200_raw.fits
2021-01-04 11:00:50,856| ThreadPoolExecutor-0_0| INFO | ====> Graphing
2021-01-04 11:00:50,886| ThreadPoolExecutor-0_0| DEBUG| path found: /home/emcewen/out_sim/20201222/plots/acor_png/
2021-01-04 11:00:50,886| ThreadPoolExecutor-0_0| DEBUG| Graphing: graph_3_rows_t_mat
2021-01-04 11:00:51,582| ThreadPoolExecutor-0_0| INFO | /home/emcewen/out_sim/20201222/plots/acor_png/20201222_aocb_2020122_142344o_raw_acor_avg_1.png
2021-01-04 11:00:51,609| ThreadPoolExecutor-0_0| DEBUG| path found: /home/emcewen/out_sim/20201222/plots/acor_avg_gif/
2021-01-04 11:00:51,610| ThreadPoolExecutor-0_0| DEBUG| Graphing: gif_3_mat
2021-01-04 11:01:02,275| ThreadPoolExecutor-0_0| INFO | /home/emcewen/out_sim/20201222/plots/acor_avg_gif/20201222_aocb_2020122_142344o_raw_acor_avg_1.gif
2021-01-04 11:01:02,374| ThreadPoolExecutor-0_0| DEBUG| path found: /home/emcewen/out_sim/20201222/plots/ccor_all_png/
2021-01-04 11:01:02,374| ThreadPoolExecutor-0_0| DEBUG| Graphing: graph_5_5_ccor
2021-01-04 11:01:03,002| ThreadPoolExecutor-0_0| INFO | /home/emcewen/out_sim/20201222/plots/ccor_all_png/20201222_aocb_2020122_142344o_raw_ccor_all_1.png
2021-01-04 11:01:03,070| ThreadPoolExecutor-0_0| DEBUG| path found: /home/emcewen/out_sim/20201222/plots/ccor_all_gif/
2021-01-04 11:01:03,070| ThreadPoolExecutor-0_0| DEBUG| Graphing: cor_animate_all
2021-01-04 11:01:23,591| ThreadPoolExecutor-0_0| INFO | /home/emcewen/out_sim/20201222/plots/ccor_all_gif/20201222_aocb_2020122_142344o_raw_ccor_all_1.gif
2021-01-04 11:01:23,592| ThreadPoolExecutor-0_0| INFO | ===> complete
2021-01-04 11:01:23,592| ThreadPoolExecutor-0_0| INFO | ======== 20201222_aocb_2020122_142344o ========
2021-01-04 11:01:23,592| ThreadPoolExecutor-0_0| INFO | == sub_len = 0 
2021-01-04 11:01:23,592| ThreadPoolExecutor-0_0| INFO | == s_sub = True 
2021-01-04 11:01:23,592| ThreadPoolExecutor-0_0| INFO | == tt_sub = False 
2021-01-04 11:01:23,592| ThreadPoolExecutor-0_0| DEBUG| path found: /home/emcewen/out_sim/20201222/
2021-01-04 11:01:23,592| ThreadPoolExecutor-0_0| DEBUG| datacheckfile: /home/imaka/data/sim/20201222/ao/aocb_2020122_142344o.fits
2021-01-04 11:01:23,600| ThreadPoolExecutor-0_0| DEBUG| datacheckfile: /home/imaka/data/sim/20201222/ao/aocb_2020122_142344o.fits
2021-01-04 11:01:23,635| ThreadPoolExecutor-0_0| DEBUG| path found: /home/emcewen/out_sim/20201222/fits/
2021-01-04 11:01:23,635| ThreadPoolExecutor-0_0| DEBUG| fits name: /home/emcewen/out_sim/20201222/fits/20201222_aocb_2020122_142344o_tmax200_s.fits
2021-01-04 11:01:23,635| ThreadPoolExecutor-0_0| DEBUG| fits not found: /home/emcewen/out_sim/20201222/fits/20201222_aocb_2020122_142344o_tmax200_s.fits
2021-01-04 11:01:23,636| ThreadPoolExecutor-0_0| INFO | ====> Starting acor
2021-01-04 11:01:23,636| ThreadPoolExecutor-0_0| INFO | Generating auto corr tmax = 200
2021-01-04 11:04:09,691| ThreadPoolExecutor-0_0| INFO | == finished in 166.0549910068512 s
2021-01-04 11:04:09,691| ThreadPoolExecutor-0_0| INFO | ====> Starting ccor
2021-01-04 11:04:09,691| ThreadPoolExecutor-0_0| INFO | Generating cross corr tmax = 200
2021-01-04 11:08:23,895| ThreadPoolExecutor-0_0| INFO | == finished in 254.20319962501526 s
2021-01-04 11:08:23,895| ThreadPoolExecutor-0_0| INFO | ====> writing fits
2021-01-04 11:08:23,895| ThreadPoolExecutor-0_0| DEBUG| path found: /home/emcewen/out_sim/20201222/fits/
2021-01-04 11:08:23,895| ThreadPoolExecutor-0_0| DEBUG| fits name: /home/emcewen/out_sim/20201222/fits/20201222_aocb_2020122_142344o_tmax200_s.fits
2021-01-04 11:08:23,917| ThreadPoolExecutor-0_0| INFO | ---> saving ccor
2021-01-04 11:08:23,957| ThreadPoolExecutor-0_0| INFO | == /home/emcewen/out_sim/20201222/fits/20201222_aocb_2020122_142344o_tmax200_s.fits
2021-01-04 11:08:23,957| ThreadPoolExecutor-0_0| INFO | ====> Graphing
2021-01-04 11:08:24,001| ThreadPoolExecutor-0_0| DEBUG| path found: /home/emcewen/out_sim/20201222/plots/acor_png/
2021-01-04 11:08:24,001| ThreadPoolExecutor-0_0| DEBUG| Graphing: graph_3_rows_t_mat
2021-01-04 11:08:24,621| ThreadPoolExecutor-0_0| INFO | /home/emcewen/out_sim/20201222/plots/acor_png/20201222_aocb_2020122_142344o_s_acor_avg_0.png
2021-01-04 11:08:24,665| ThreadPoolExecutor-0_0| DEBUG| path found: /home/emcewen/out_sim/20201222/plots/acor_avg_gif/
2021-01-04 11:08:24,666| ThreadPoolExecutor-0_0| DEBUG| Graphing: gif_3_mat
2021-01-04 11:08:32,944| ThreadPoolExecutor-0_0| INFO | /home/emcewen/out_sim/20201222/plots/acor_avg_gif/20201222_aocb_2020122_142344o_s_acor_avg_0.gif
2021-01-04 11:08:33,748| ThreadPoolExecutor-0_0| DEBUG| path found: /home/emcewen/out_sim/20201222/plots/ccor_all_png/
2021-01-04 11:08:33,749| ThreadPoolExecutor-0_0| DEBUG| Graphing: graph_5_5_ccor
2021-01-04 11:08:34,503| ThreadPoolExecutor-0_0| INFO | /home/emcewen/out_sim/20201222/plots/ccor_all_png/20201222_aocb_2020122_142344o_s_ccor_all_0.png
2021-01-04 11:08:35,115| ThreadPoolExecutor-0_0| DEBUG| path found: /home/emcewen/out_sim/20201222/plots/ccor_all_gif/
2021-01-04 11:08:35,116| ThreadPoolExecutor-0_0| DEBUG| Graphing: cor_animate_all
2021-01-04 11:08:50,824| ThreadPoolExecutor-0_0| INFO | /home/emcewen/out_sim/20201222/plots/ccor_all_gif/20201222_aocb_2020122_142344o_s_ccor_all_0.gif
2021-01-04 11:08:50,824| ThreadPoolExecutor-0_0| INFO | ===> complete
2021-01-04 11:08:50,824| ThreadPoolExecutor-0_0| INFO | ======== 20201222_aocb_2020122_142344o ========
2021-01-04 11:08:50,825| ThreadPoolExecutor-0_0| INFO | == sub_len = 5 
2021-01-04 11:08:50,825| ThreadPoolExecutor-0_0| INFO | == s_sub = True 
2021-01-04 11:08:50,825| ThreadPoolExecutor-0_0| INFO | == tt_sub = False 
2021-01-04 11:08:50,825| ThreadPoolExecutor-0_0| DEBUG| path found: /home/emcewen/out_sim/20201222/
2021-01-04 11:08:50,826| ThreadPoolExecutor-0_0| DEBUG| datacheckfile: /home/imaka/data/sim/20201222/ao/aocb_2020122_142344o.fits
2021-01-04 11:08:50,831| ThreadPoolExecutor-0_0| DEBUG| datacheckfile: /home/imaka/data/sim/20201222/ao/aocb_2020122_142344o.fits
2021-01-04 11:08:50,884| ThreadPoolExecutor-0_0| DEBUG| path found: /home/emcewen/out_sim/20201222/fits/
2021-01-04 11:08:50,885| ThreadPoolExecutor-0_0| DEBUG| fits name: /home/emcewen/out_sim/20201222/fits/20201222_aocb_2020122_142344o_tmax200_s.fits
2021-01-04 11:08:50,885| ThreadPoolExecutor-0_0| DEBUG| fits found: /home/emcewen/out_sim/20201222/fits/20201222_aocb_2020122_142344o_tmax200_s.fits
2021-01-04 11:08:50,885| ThreadPoolExecutor-0_0| INFO | ---> Pulling data from fits file :  /home/emcewen/out_sim/20201222/fits/20201222_aocb_2020122_142344o_tmax200_s.fits
2021-01-04 11:08:50,907| ThreadPoolExecutor-0_0| INFO | Generating auto corr from ccor tmax = 200
2021-01-04 11:08:50,908| ThreadPoolExecutor-0_0| DEBUG| datacheckfile: /home/imaka/data/sim/20201222/ao/aocb_2020122_142344o.fits
2021-01-04 11:08:50,952| ThreadPoolExecutor-0_0| DEBUG| self.target_file: None
2021-01-04 11:08:50,954| ThreadPoolExecutor-0_0| INFO | ====> Starting acor
2021-01-04 11:08:50,954| ThreadPoolExecutor-0_0| INFO | Auto corr already generated, tmax = 200
2021-01-04 11:08:50,954| ThreadPoolExecutor-0_0| INFO | == finished in 0.00027632713317871094 s
2021-01-04 11:08:50,954| ThreadPoolExecutor-0_0| INFO | ====> Starting ccor
2021-01-04 11:08:50,954| ThreadPoolExecutor-0_0| INFO | Cross corr already generated, tmax = 200
2021-01-04 11:08:50,955| ThreadPoolExecutor-0_0| INFO | == finished in 0.0001862049102783203 s
2021-01-04 11:08:50,955| ThreadPoolExecutor-0_0| INFO | ====> writing fits
2021-01-04 11:08:50,956| ThreadPoolExecutor-0_0| INFO | ---> saving ccor
2021-01-04 11:08:51,013| ThreadPoolExecutor-0_0| INFO | == /home/emcewen/out_sim/20201222/fits/20201222_aocb_2020122_142344o_tmax200_s.fits
2021-01-04 11:08:51,014| ThreadPoolExecutor-0_0| INFO | ====> Graphing
2021-01-04 11:08:51,086| ThreadPoolExecutor-0_0| DEBUG| path found: /home/emcewen/out_sim/20201222/plots/acor_png/
2021-01-04 11:08:51,087| ThreadPoolExecutor-0_0| DEBUG| Graphing: graph_3_rows_t_mat
2021-01-04 11:08:51,961| ThreadPoolExecutor-0_0| INFO | /home/emcewen/out_sim/20201222/plots/acor_png/20201222_aocb_2020122_142344o_s_acor_avg_1.png
2021-01-04 11:08:52,015| ThreadPoolExecutor-0_0| DEBUG| path found: /home/emcewen/out_sim/20201222/plots/acor_avg_gif/
2021-01-04 11:08:52,015| ThreadPoolExecutor-0_0| DEBUG| Graphing: gif_3_mat
2021-01-04 11:09:00,244| ThreadPoolExecutor-0_0| INFO | /home/emcewen/out_sim/20201222/plots/acor_avg_gif/20201222_aocb_2020122_142344o_s_acor_avg_1.gif
2021-01-04 11:09:00,598| ThreadPoolExecutor-0_0| DEBUG| path found: /home/emcewen/out_sim/20201222/plots/ccor_all_png/
2021-01-04 11:09:00,598| ThreadPoolExecutor-0_0| DEBUG| Graphing: graph_5_5_ccor
2021-01-04 11:09:01,379| ThreadPoolExecutor-0_0| INFO | /home/emcewen/out_sim/20201222/plots/ccor_all_png/20201222_aocb_2020122_142344o_s_ccor_all_1.png
2021-01-04 11:09:01,509| ThreadPoolExecutor-0_0| DEBUG| path found: /home/emcewen/out_sim/20201222/plots/ccor_all_gif/
2021-01-04 11:09:01,509| ThreadPoolExecutor-0_0| DEBUG| Graphing: cor_animate_all
2021-01-04 11:09:19,797| ThreadPoolExecutor-0_0| INFO | /home/emcewen/out_sim/20201222/plots/ccor_all_gif/20201222_aocb_2020122_142344o_s_ccor_all_1.gif
2021-01-04 11:09:19,798| ThreadPoolExecutor-0_0| INFO | ===> complete
2021-01-04 11:09:19,798| ThreadPoolExecutor-0_0| INFO | ======== 20201222_aocb_2020122_142344o ========
2021-01-04 11:09:19,799| ThreadPoolExecutor-0_0| INFO | == sub_len = 0 
2021-01-04 11:09:19,799| ThreadPoolExecutor-0_0| INFO | == s_sub = True 
2021-01-04 11:09:19,799| ThreadPoolExecutor-0_0| INFO | == tt_sub = True 
2021-01-04 11:09:19,800| ThreadPoolExecutor-0_0| DEBUG| path found: /home/emcewen/out_sim/20201222/
2021-01-04 11:09:19,800| ThreadPoolExecutor-0_0| DEBUG| datacheckfile: /home/imaka/data/sim/20201222/ao/aocb_2020122_142344o.fits
2021-01-04 11:09:19,805| ThreadPoolExecutor-0_0| DEBUG| datacheckfile: /home/imaka/data/sim/20201222/ao/aocb_2020122_142344o.fits
2021-01-04 11:09:19,826| ThreadPoolExecutor-0_0| DEBUG| path found: /home/emcewen/out_sim/20201222/fits/
2021-01-04 11:09:19,826| ThreadPoolExecutor-0_0| DEBUG| fits name: /home/emcewen/out_sim/20201222/fits/20201222_aocb_2020122_142344o_tmax200_stt.fits
2021-01-04 11:09:19,826| ThreadPoolExecutor-0_0| DEBUG| fits not found: /home/emcewen/out_sim/20201222/fits/20201222_aocb_2020122_142344o_tmax200_stt.fits
2021-01-04 11:09:19,826| ThreadPoolExecutor-0_0| INFO | ====> Starting acor
2021-01-04 11:09:19,826| ThreadPoolExecutor-0_0| INFO | Generating auto corr tmax = 200
2021-01-04 11:12:02,308| ThreadPoolExecutor-0_0| INFO | == finished in 162.4818994998932 s
2021-01-04 11:12:02,309| ThreadPoolExecutor-0_0| INFO | ====> Starting ccor
2021-01-04 11:12:02,309| ThreadPoolExecutor-0_0| INFO | Generating cross corr tmax = 200
2021-01-04 11:16:03,118| ThreadPoolExecutor-0_0| INFO | == finished in 240.8085741996765 s
2021-01-04 11:16:03,118| ThreadPoolExecutor-0_0| INFO | ====> writing fits
2021-01-04 11:16:03,118| ThreadPoolExecutor-0_0| DEBUG| path found: /home/emcewen/out_sim/20201222/fits/
2021-01-04 11:16:03,118| ThreadPoolExecutor-0_0| DEBUG| fits name: /home/emcewen/out_sim/20201222/fits/20201222_aocb_2020122_142344o_tmax200_stt.fits
2021-01-04 11:16:03,143| ThreadPoolExecutor-0_0| INFO | ---> saving ccor
2021-01-04 11:16:03,185| ThreadPoolExecutor-0_0| INFO | == /home/emcewen/out_sim/20201222/fits/20201222_aocb_2020122_142344o_tmax200_stt.fits
2021-01-04 11:16:03,185| ThreadPoolExecutor-0_0| INFO | ====> Graphing
2021-01-04 11:16:03,269| ThreadPoolExecutor-0_0| DEBUG| path found: /home/emcewen/out_sim/20201222/plots/acor_png/
2021-01-04 11:16:03,269| ThreadPoolExecutor-0_0| DEBUG| Graphing: graph_3_rows_t_mat
2021-01-04 11:16:04,126| ThreadPoolExecutor-0_0| INFO | /home/emcewen/out_sim/20201222/plots/acor_png/20201222_aocb_2020122_142344o_stt_acor_avg_0.png
2021-01-04 11:16:04,214| ThreadPoolExecutor-0_0| DEBUG| path found: /home/emcewen/out_sim/20201222/plots/acor_avg_gif/
2021-01-04 11:16:04,214| ThreadPoolExecutor-0_0| DEBUG| Graphing: gif_3_mat
2021-01-04 11:16:12,595| ThreadPoolExecutor-0_0| INFO | /home/emcewen/out_sim/20201222/plots/acor_avg_gif/20201222_aocb_2020122_142344o_stt_acor_avg_0.gif
2021-01-04 11:16:12,811| ThreadPoolExecutor-0_0| DEBUG| path found: /home/emcewen/out_sim/20201222/plots/ccor_all_png/
2021-01-04 11:16:12,811| ThreadPoolExecutor-0_0| DEBUG| Graphing: graph_5_5_ccor
2021-01-04 11:16:13,562| ThreadPoolExecutor-0_0| INFO | /home/emcewen/out_sim/20201222/plots/ccor_all_png/20201222_aocb_2020122_142344o_stt_ccor_all_0.png
2021-01-04 11:16:13,780| ThreadPoolExecutor-0_0| DEBUG| path found: /home/emcewen/out_sim/20201222/plots/ccor_all_gif/
2021-01-04 11:16:13,780| ThreadPoolExecutor-0_0| DEBUG| Graphing: cor_animate_all
2021-01-04 11:16:27,717| ThreadPoolExecutor-0_0| INFO | /home/emcewen/out_sim/20201222/plots/ccor_all_gif/20201222_aocb_2020122_142344o_stt_ccor_all_0.gif
2021-01-04 11:16:27,718| ThreadPoolExecutor-0_0| INFO | ===> complete
2021-01-04 11:16:27,718| ThreadPoolExecutor-0_0| INFO | ======== 20201222_aocb_2020122_142344o ========
2021-01-04 11:16:27,718| ThreadPoolExecutor-0_0| INFO | == sub_len = 5 
2021-01-04 11:16:27,718| ThreadPoolExecutor-0_0| INFO | == s_sub = True 
2021-01-04 11:16:27,718| ThreadPoolExecutor-0_0| INFO | == tt_sub = True 
2021-01-04 11:16:27,718| ThreadPoolExecutor-0_0| DEBUG| path found: /home/emcewen/out_sim/20201222/
2021-01-04 11:16:27,718| ThreadPoolExecutor-0_0| DEBUG| datacheckfile: /home/imaka/data/sim/20201222/ao/aocb_2020122_142344o.fits
2021-01-04 11:16:27,722| ThreadPoolExecutor-0_0| DEBUG| datacheckfile: /home/imaka/data/sim/20201222/ao/aocb_2020122_142344o.fits
2021-01-04 11:16:27,743| ThreadPoolExecutor-0_0| DEBUG| path found: /home/emcewen/out_sim/20201222/fits/
2021-01-04 11:16:27,743| ThreadPoolExecutor-0_0| DEBUG| fits name: /home/emcewen/out_sim/20201222/fits/20201222_aocb_2020122_142344o_tmax200_stt.fits
2021-01-04 11:16:27,743| ThreadPoolExecutor-0_0| DEBUG| fits found: /home/emcewen/out_sim/20201222/fits/20201222_aocb_2020122_142344o_tmax200_stt.fits
2021-01-04 11:16:27,743| ThreadPoolExecutor-0_0| INFO | ---> Pulling data from fits file :  /home/emcewen/out_sim/20201222/fits/20201222_aocb_2020122_142344o_tmax200_stt.fits
2021-01-04 11:16:27,754| ThreadPoolExecutor-0_0| INFO | Generating auto corr from ccor tmax = 200
2021-01-04 11:16:27,755| ThreadPoolExecutor-0_0| DEBUG| datacheckfile: /home/imaka/data/sim/20201222/ao/aocb_2020122_142344o.fits
2021-01-04 11:16:27,769| ThreadPoolExecutor-0_0| DEBUG| self.target_file: None
2021-01-04 11:16:27,770| ThreadPoolExecutor-0_0| INFO | ====> Starting acor
2021-01-04 11:16:27,770| ThreadPoolExecutor-0_0| INFO | Auto corr already generated, tmax = 200
2021-01-04 11:16:27,770| ThreadPoolExecutor-0_0| INFO | == finished in 8.20159912109375e-05 s
2021-01-04 11:16:27,770| ThreadPoolExecutor-0_0| INFO | ====> Starting ccor
2021-01-04 11:16:27,770| ThreadPoolExecutor-0_0| INFO | Cross corr already generated, tmax = 200
2021-01-04 11:16:27,770| ThreadPoolExecutor-0_0| INFO | == finished in 8.702278137207031e-05 s
2021-01-04 11:16:27,770| ThreadPoolExecutor-0_0| INFO | ====> writing fits
2021-01-04 11:16:27,771| ThreadPoolExecutor-0_0| INFO | ---> saving ccor
2021-01-04 11:16:27,797| ThreadPoolExecutor-0_0| INFO | == /home/emcewen/out_sim/20201222/fits/20201222_aocb_2020122_142344o_tmax200_stt.fits
2021-01-04 11:16:27,797| ThreadPoolExecutor-0_0| INFO | ====> Graphing
2021-01-04 11:16:27,824| ThreadPoolExecutor-0_0| DEBUG| path found: /home/emcewen/out_sim/20201222/plots/acor_png/
2021-01-04 11:16:27,824| ThreadPoolExecutor-0_0| DEBUG| Graphing: graph_3_rows_t_mat
2021-01-04 11:16:28,566| ThreadPoolExecutor-0_0| INFO | /home/emcewen/out_sim/20201222/plots/acor_png/20201222_aocb_2020122_142344o_stt_acor_avg_1.png
2021-01-04 11:16:28,594| ThreadPoolExecutor-0_0| DEBUG| path found: /home/emcewen/out_sim/20201222/plots/acor_avg_gif/
2021-01-04 11:16:28,594| ThreadPoolExecutor-0_0| DEBUG| Graphing: gif_3_mat
2021-01-04 11:16:39,337| ThreadPoolExecutor-0_0| INFO | /home/emcewen/out_sim/20201222/plots/acor_avg_gif/20201222_aocb_2020122_142344o_stt_acor_avg_1.gif
2021-01-04 11:16:39,487| ThreadPoolExecutor-0_0| DEBUG| path found: /home/emcewen/out_sim/20201222/plots/ccor_all_png/
2021-01-04 11:16:39,487| ThreadPoolExecutor-0_0| DEBUG| Graphing: graph_5_5_ccor
2021-01-04 11:16:40,317| ThreadPoolExecutor-0_0| INFO | /home/emcewen/out_sim/20201222/plots/ccor_all_png/20201222_aocb_2020122_142344o_stt_ccor_all_1.png
2021-01-04 11:16:40,445| ThreadPoolExecutor-0_0| DEBUG| path found: /home/emcewen/out_sim/20201222/plots/ccor_all_gif/
2021-01-04 11:16:40,445| ThreadPoolExecutor-0_0| DEBUG| Graphing: cor_animate_all
2021-01-04 11:16:53,969| ThreadPoolExecutor-0_0| INFO | /home/emcewen/out_sim/20201222/plots/ccor_all_gif/20201222_aocb_2020122_142344o_stt_ccor_all_1.gif
2021-01-04 11:16:53,969| ThreadPoolExecutor-0_0| INFO | ===> complete
2021-01-04 11:16:53,971| ThreadPoolExecutor-0_0| INFO | File 5: ending
